{"/home/maken.rosa/Documentos/pessoal/github/alura-cursos/react/cooking-up/src/components/Footer/index.jsx": {"path":"/home/maken.rosa/Documentos/pessoal/github/alura-cursos/react/cooking-up/src/components/Footer/index.jsx","all":false,"statementMap":{"0":{"start":{"line":1,"column":0},"end":{"line":1,"column":42}},"1":{"start":{"line":2,"column":0},"end":{"line":2,"column":0}},"2":{"start":{"line":3,"column":0},"end":{"line":3,"column":38}},"3":{"start":{"line":4,"column":0},"end":{"line":4,"column":43}},"4":{"start":{"line":5,"column":0},"end":{"line":5,"column":24}},"5":{"start":{"line":6,"column":0},"end":{"line":6,"column":33}},"6":{"start":{"line":7,"column":0},"end":{"line":7,"column":23}},"7":{"start":{"line":8,"column":0},"end":{"line":8,"column":29}},"8":{"start":{"line":9,"column":0},"end":{"line":9,"column":20}},"9":{"start":{"line":10,"column":0},"end":{"line":10,"column":23}},"10":{"start":{"line":11,"column":0},"end":{"line":11,"column":21}},"11":{"start":{"line":12,"column":0},"end":{"line":12,"column":22}},"12":{"start":{"line":13,"column":0},"end":{"line":13,"column":1}},"13":{"start":{"line":14,"column":0},"end":{"line":14,"column":0}},"14":{"start":{"line":15,"column":0},"end":{"line":15,"column":22}},"15":{"start":{"line":16,"column":0},"end":{"line":16,"column":12}},"16":{"start":{"line":17,"column":0},"end":{"line":17,"column":56}},"17":{"start":{"line":18,"column":0},"end":{"line":18,"column":81}},"18":{"start":{"line":19,"column":0},"end":{"line":19,"column":26}},"19":{"start":{"line":20,"column":0},"end":{"line":20,"column":5}},"20":{"start":{"line":21,"column":0},"end":{"line":21,"column":1}},"21":{"start":{"line":22,"column":0},"end":{"line":22,"column":0}},"22":{"start":{"line":23,"column":0},"end":{"line":23,"column":21}}},"s":{"0":1,"1":1,"2":1,"3":1,"4":1,"5":1,"6":1,"7":1,"8":1,"9":1,"10":1,"11":1,"12":1,"13":1,"14":1,"15":2,"16":2,"17":2,"18":2,"19":2,"20":2,"21":1,"22":1},"branchMap":{"0":{"type":"branch","line":15,"loc":{"start":{"line":15,"column":15},"end":{"line":21,"column":1}},"locations":[{"start":{"line":15,"column":15},"end":{"line":21,"column":1}}]}},"b":{"0":[2]},"fnMap":{"0":{"name":"Footer","decl":{"start":{"line":15,"column":15},"end":{"line":21,"column":1}},"loc":{"start":{"line":15,"column":15},"end":{"line":21,"column":1}},"line":15}},"f":{"0":2}}
,"/home/maken.rosa/Documentos/pessoal/github/alura-cursos/react/cooking-up/src/components/IngredientsContext/index.jsx": {"path":"/home/maken.rosa/Documentos/pessoal/github/alura-cursos/react/cooking-up/src/components/IngredientsContext/index.jsx","all":false,"statementMap":{"0":{"start":{"line":1,"column":0},"end":{"line":1,"column":48}},"1":{"start":{"line":2,"column":0},"end":{"line":2,"column":27}},"2":{"start":{"line":3,"column":0},"end":{"line":3,"column":0}},"3":{"start":{"line":4,"column":0},"end":{"line":4,"column":49}},"4":{"start":{"line":5,"column":0},"end":{"line":5,"column":19}},"5":{"start":{"line":6,"column":0},"end":{"line":6,"column":28}},"6":{"start":{"line":7,"column":0},"end":{"line":7,"column":3}},"7":{"start":{"line":8,"column":0},"end":{"line":8,"column":0}},"8":{"start":{"line":9,"column":0},"end":{"line":9,"column":47}},"9":{"start":{"line":10,"column":0},"end":{"line":10,"column":37}},"10":{"start":{"line":11,"column":0},"end":{"line":11,"column":71}},"11":{"start":{"line":12,"column":0},"end":{"line":12,"column":0}},"12":{"start":{"line":13,"column":0},"end":{"line":13,"column":49}},"13":{"start":{"line":14,"column":0},"end":{"line":14,"column":74}},"14":{"start":{"line":15,"column":0},"end":{"line":15,"column":98}},"15":{"start":{"line":16,"column":0},"end":{"line":16,"column":16}},"16":{"start":{"line":17,"column":0},"end":{"line":17,"column":73}},"17":{"start":{"line":18,"column":0},"end":{"line":18,"column":9}},"18":{"start":{"line":19,"column":0},"end":{"line":19,"column":6}},"19":{"start":{"line":20,"column":0},"end":{"line":20,"column":0}},"20":{"start":{"line":21,"column":0},"end":{"line":21,"column":50}},"21":{"start":{"line":22,"column":0},"end":{"line":22,"column":75}},"22":{"start":{"line":23,"column":0},"end":{"line":23,"column":6}},"23":{"start":{"line":24,"column":0},"end":{"line":24,"column":12}},"24":{"start":{"line":25,"column":0},"end":{"line":25,"column":124}},"25":{"start":{"line":26,"column":0},"end":{"line":26,"column":28}},"26":{"start":{"line":27,"column":0},"end":{"line":27,"column":38}},"27":{"start":{"line":28,"column":0},"end":{"line":28,"column":6}},"28":{"start":{"line":29,"column":0},"end":{"line":29,"column":2}}},"s":{"0":1,"1":1,"2":1,"3":1,"4":1,"5":1,"6":1,"7":1,"8":1,"9":5,"10":5,"11":5,"12":5,"13":3,"14":1,"15":3,"16":2,"17":2,"18":3,"19":5,"20":5,"21":5,"22":5,"23":5,"24":5,"25":5,"26":5,"27":5,"28":5},"branchMap":{"0":{"type":"branch","line":9,"loc":{"start":{"line":9,"column":35},"end":{"line":29,"column":2}},"locations":[{"start":{"line":9,"column":35},"end":{"line":29,"column":2}}]},"1":{"type":"branch","line":13,"loc":{"start":{"line":13,"column":32},"end":{"line":19,"column":6}},"locations":[{"start":{"line":13,"column":32},"end":{"line":19,"column":6}}]},"2":{"type":"branch","line":14,"loc":{"start":{"line":14,"column":73},"end":{"line":16,"column":15}},"locations":[{"start":{"line":14,"column":73},"end":{"line":16,"column":15}}]},"3":{"type":"branch","line":16,"loc":{"start":{"line":16,"column":8},"end":{"line":18,"column":9}},"locations":[{"start":{"line":16,"column":8},"end":{"line":18,"column":9}}]},"4":{"type":"branch","line":14,"loc":{"start":{"line":14,"column":37},"end":{"line":14,"column":70}},"locations":[{"start":{"line":14,"column":37},"end":{"line":14,"column":70}}]},"5":{"type":"branch","line":15,"loc":{"start":{"line":15,"column":62},"end":{"line":15,"column":95}},"locations":[{"start":{"line":15,"column":62},"end":{"line":15,"column":95}}]},"6":{"type":"branch","line":21,"loc":{"start":{"line":21,"column":33},"end":{"line":23,"column":6}},"locations":[{"start":{"line":21,"column":33},"end":{"line":23,"column":6}}]},"7":{"type":"branch","line":22,"loc":{"start":{"line":22,"column":40},"end":{"line":22,"column":73}},"locations":[{"start":{"line":22,"column":40},"end":{"line":22,"column":73}}]}},"b":{"0":[5],"1":[3],"2":[1],"3":[2],"4":[1],"5":[1],"6":[5],"7":[2]},"fnMap":{"0":{"name":"IngredientsProvider","decl":{"start":{"line":9,"column":35},"end":{"line":29,"column":2}},"loc":{"start":{"line":9,"column":35},"end":{"line":29,"column":2}},"line":9},"1":{"name":"alternateIngredient","decl":{"start":{"line":13,"column":32},"end":{"line":19,"column":6}},"loc":{"start":{"line":13,"column":32},"end":{"line":19,"column":6}},"line":13},"2":{"name":"isIngredientSelected","decl":{"start":{"line":21,"column":33},"end":{"line":23,"column":6}},"loc":{"start":{"line":21,"column":33},"end":{"line":23,"column":6}},"line":21}},"f":{"0":5,"1":3,"2":5}}
,"/home/maken.rosa/Documentos/pessoal/github/alura-cursos/react/cooking-up/src/components/TagIngredient/index.jsx": {"path":"/home/maken.rosa/Documentos/pessoal/github/alura-cursos/react/cooking-up/src/components/TagIngredient/index.jsx","all":false,"statementMap":{"0":{"start":{"line":1,"column":0},"end":{"line":1,"column":42}},"1":{"start":{"line":2,"column":0},"end":{"line":2,"column":0}},"2":{"start":{"line":3,"column":0},"end":{"line":3,"column":29}},"3":{"start":{"line":4,"column":0},"end":{"line":4,"column":99}},"4":{"start":{"line":5,"column":0},"end":{"line":5,"column":85}},"5":{"start":{"line":6,"column":0},"end":{"line":6,"column":59}},"6":{"start":{"line":7,"column":0},"end":{"line":7,"column":17}},"7":{"start":{"line":8,"column":0},"end":{"line":8,"column":23}},"8":{"start":{"line":9,"column":0},"end":{"line":9,"column":17}},"9":{"start":{"line":10,"column":0},"end":{"line":10,"column":20}},"10":{"start":{"line":11,"column":0},"end":{"line":11,"column":23}},"11":{"start":{"line":12,"column":0},"end":{"line":12,"column":29}},"12":{"start":{"line":13,"column":0},"end":{"line":13,"column":20}},"13":{"start":{"line":14,"column":0},"end":{"line":14,"column":23}},"14":{"start":{"line":15,"column":0},"end":{"line":15,"column":23}},"15":{"start":{"line":16,"column":0},"end":{"line":16,"column":1}},"16":{"start":{"line":17,"column":0},"end":{"line":17,"column":0}},"17":{"start":{"line":18,"column":0},"end":{"line":18,"column":60}},"18":{"start":{"line":19,"column":0},"end":{"line":19,"column":55}},"19":{"start":{"line":20,"column":0},"end":{"line":20,"column":25}},"20":{"start":{"line":21,"column":0},"end":{"line":21,"column":14}},"21":{"start":{"line":22,"column":0},"end":{"line":22,"column":1}},"22":{"start":{"line":23,"column":0},"end":{"line":23,"column":0}},"23":{"start":{"line":24,"column":0},"end":{"line":24,"column":28}}},"s":{"0":1,"1":1,"2":1,"3":1,"4":1,"5":1,"6":1,"7":1,"8":1,"9":1,"10":1,"11":1,"12":1,"13":1,"14":1,"15":1,"16":1,"17":1,"18":8,"19":8,"20":8,"21":8,"22":1,"23":1},"branchMap":{"0":{"type":"branch","line":4,"loc":{"start":{"line":4,"column":18},"end":{"line":4,"column":97}},"locations":[{"start":{"line":4,"column":18},"end":{"line":4,"column":97}}]},"1":{"type":"branch","line":4,"loc":{"start":{"line":4,"column":33},"end":{"line":4,"column":69}},"locations":[{"start":{"line":4,"column":33},"end":{"line":4,"column":69}}]},"2":{"type":"branch","line":4,"loc":{"start":{"line":4,"column":43},"end":{"line":4,"column":97}},"locations":[{"start":{"line":4,"column":43},"end":{"line":4,"column":97}}]},"3":{"type":"branch","line":5,"loc":{"start":{"line":5,"column":13},"end":{"line":5,"column":83}},"locations":[{"start":{"line":5,"column":13},"end":{"line":5,"column":83}}]},"4":{"type":"branch","line":5,"loc":{"start":{"line":5,"column":28},"end":{"line":5,"column":64}},"locations":[{"start":{"line":5,"column":28},"end":{"line":5,"column":64}}]},"5":{"type":"branch","line":5,"loc":{"start":{"line":5,"column":38},"end":{"line":5,"column":83}},"locations":[{"start":{"line":5,"column":38},"end":{"line":5,"column":83}}]},"6":{"type":"branch","line":6,"loc":{"start":{"line":6,"column":19},"end":{"line":6,"column":57}},"locations":[{"start":{"line":6,"column":19},"end":{"line":6,"column":57}}]},"7":{"type":"branch","line":6,"loc":{"start":{"line":6,"column":34},"end":{"line":6,"column":52}},"locations":[{"start":{"line":6,"column":34},"end":{"line":6,"column":52}}]},"8":{"type":"branch","line":6,"loc":{"start":{"line":6,"column":44},"end":{"line":6,"column":57}},"locations":[{"start":{"line":6,"column":44},"end":{"line":6,"column":57}}]},"9":{"type":"branch","line":18,"loc":{"start":{"line":18,"column":22},"end":{"line":22,"column":1}},"locations":[{"start":{"line":18,"column":22},"end":{"line":22,"column":1}}]}},"b":{"0":[8],"1":[2],"2":[6],"3":[8],"4":[2],"5":[6],"6":[8],"7":[2],"8":[6],"9":[8]},"fnMap":{"0":{"name":"TagIngredient.ingredient.ingredient","decl":{"start":{"line":4,"column":18},"end":{"line":4,"column":97}},"loc":{"start":{"line":4,"column":18},"end":{"line":4,"column":97}},"line":4},"1":{"name":"TagIngredient.ingredient.ingredient","decl":{"start":{"line":5,"column":13},"end":{"line":5,"column":83}},"loc":{"start":{"line":5,"column":13},"end":{"line":5,"column":83}},"line":5},"2":{"name":"TagIngredient","decl":{"start":{"line":18,"column":22},"end":{"line":22,"column":1}},"loc":{"start":{"line":18,"column":22},"end":{"line":22,"column":1}},"line":18}},"f":{"0":8,"1":8,"2":8}}
}
